# JRE version: OpenJDK Runtime Environment AdoptOpenJDK (14.0+36) (build 14+36)
# Java VM: OpenJDK 64-Bit Server VM AdoptOpenJDK (14+36, mixed mode, sharing, tiered, compressed oops, g1 gc, bsd-amd64)
Heap:
 garbage-first heap   total 172032K, used 115896K [0x0000000600000000, 0x0000000800000000)
  region size 2048K, 42 young (86016K), 4 survivors (8192K)
 Metaspace       used 87109K, capacity 125402K, committed 125520K, reserved 1140736K
  class space    used 21983K, capacity 33323K, committed 33440K, reserved 1048576K
GC Heap History (20 events):
Event: 8.527 GC heap before
{Heap before GC invocations=23 (full 0):
 garbage-first heap   total 374784K, used 163793K [0x0000000600000000, 0x0000000800000000)
  region size 2048K, 73 young (149504K), 7 survivors (14336K)
 Metaspace       used 71533K, capacity 101032K, committed 101040K, reserved 1124352K
  class space    used 17521K, capacity 26016K, committed 26016K, reserved 1048576K
}
Event: 8.535 GC heap after
{Heap after GC invocations=24 (full 0):
 garbage-first heap   total 374784K, used 32807K [0x0000000600000000, 0x0000000800000000)
  region size 2048K, 8 young (16384K), 8 survivors (16384K)
 Metaspace       used 71533K, capacity 101032K, committed 101040K, reserved 1124352K
  class space    used 17521K, capacity 26016K, committed 26016K, reserved 1048576K
}
Event: 8.830 GC heap before
{Heap before GC invocations=25 (full 0):
 garbage-first heap   total 143360K, used 102439K [0x0000000600000000, 0x0000000800000000)
  region size 2048K, 42 young (86016K), 8 survivors (16384K)
 Metaspace       used 73490K, capacity 103790K, committed 104144K, reserved 1126400K
  class space    used 18071K, capacity 26806K, committed 26912K, reserved 1048576K
}
Event: 8.838 GC heap after
{Heap after GC invocations=26 (full 0):
 garbage-first heap   total 143360K, used 34141K [0x0000000600000000, 0x0000000800000000)
  region size 2048K, 4 young (8192K), 4 survivors (8192K)
 Metaspace       used 73490K, capacity 103790K, committed 104144K, reserved 1126400K
  class space    used 18071K, capacity 26806K, committed 26912K, reserved 1048576K
}
Event: 9.129 GC heap before
{Heap before GC invocations=26 (full 0):
 garbage-first heap   total 143360K, used 111965K [0x0000000600000000, 0x0000000800000000)
  region size 2048K, 42 young (86016K), 4 survivors (8192K)
 Metaspace       used 75518K, capacity 106884K, committed 107088K, reserved 1128448K
  class space    used 18623K, capacity 27684K, committed 27808K, reserved 1048576K
}
Event: 9.134 GC heap after
{Heap after GC invocations=27 (full 0):
 garbage-first heap   total 143360K, used 35348K [0x0000000600000000, 0x0000000800000000)
  region size 2048K, 3 young (6144K), 3 survivors (6144K)
 Metaspace       used 75518K, capacity 106884K, committed 107088K, reserved 1128448K
  class space    used 18623K, capacity 27684K, committed 27808K, reserved 1048576K
}
Event: 9.400 GC heap before
{Heap before GC invocations=27 (full 0):
 garbage-first heap   total 143360K, used 115220K [0x0000000600000000, 0x0000000800000000)
  region size 2048K, 42 young (86016K), 3 survivors (6144K)
 Metaspace       used 77577K, capacity 110072K, committed 110160K, reserved 1130496K
  class space    used 19092K, capacity 28512K, committed 28576K, reserved 1048576K
}
Event: 9.405 GC heap after
{Heap after GC invocations=28 (full 0):
 garbage-first heap   total 172032K, used 35537K [0x0000000600000000, 0x0000000800000000)
  region size 2048K, 3 young (6144K), 3 survivors (6144K)
 Metaspace       used 77577K, capacity 110072K, committed 110160K, reserved 1130496K
  class space    used 19092K, capacity 28512K, committed 28576K, reserved 1048576K
}
Event: 9.449 GC heap before
{Heap before GC invocations=28 (full 0):
 garbage-first heap   total 172032K, used 129745K [0x0000000600000000, 0x0000000800000000)
  region size 2048K, 50 young (102400K), 3 survivors (6144K)
 Metaspace       used 77737K, capacity 110370K, committed 110544K, reserved 1130496K
  class space    used 19150K, capacity 28610K, committed 28704K, reserved 1048576K
}
Event: 9.452 GC heap after
{Heap after GC invocations=29 (full 0):
 garbage-first heap   total 172032K, used 35848K [0x0000000600000000, 0x0000000800000000)
  region size 2048K, 3 young (6144K), 3 survivors (6144K)
 Metaspace       used 77737K, capacity 110370K, committed 110544K, reserved 1130496K
  class space    used 19150K, capacity 28610K, committed 28704K, reserved 1048576K
}
Event: 9.468 GC heap before
{Heap before GC invocations=29 (full 0):
 garbage-first heap   total 172032K, used 130056K [0x0000000600000000, 0x0000000800000000)
  region size 2048K, 50 young (102400K), 3 survivors (6144K)
 Metaspace       used 77803K, capacity 110434K, committed 110800K, reserved 1132544K
  class space    used 19153K, capacity 28610K, committed 28704K, reserved 1048576K
}
Event: 9.472 GC heap after
{Heap after GC invocations=30 (full 0):
 garbage-first heap   total 172032K, used 35739K [0x0000000600000000, 0x0000000800000000)
  region size 2048K, 3 young (6144K), 3 survivors (6144K)
 Metaspace       used 77803K, capacity 110434K, committed 110800K, reserved 1132544K
  class space    used 19153K, capacity 28610K, committed 28704K, reserved 1048576K
}
Event: 9.711 GC heap before
{Heap before GC invocations=30 (full 0):
 garbage-first heap   total 172032K, used 129947K [0x0000000600000000, 0x0000000800000000)
  region size 2048K, 50 young (102400K), 3 survivors (6144K)
 Metaspace       used 79299K, capacity 112808K, committed 112976K, reserved 1132544K
  class space    used 19623K, capacity 29292K, committed 29344K, reserved 1048576K
}
Event: 9.715 GC heap after
{Heap after GC invocations=31 (full 0):
 garbage-first heap   total 172032K, used 36164K [0x0000000600000000, 0x0000000800000000)
  region size 2048K, 3 young (6144K), 3 survivors (6144K)
 Metaspace       used 79299K, capacity 112808K, committed 112976K, reserved 1132544K
  class space    used 19623K, capacity 29292K, committed 29344K, reserved 1048576K
}
Event: 10.052 GC heap before
{Heap before GC invocations=31 (full 0):
 garbage-first heap   total 172032K, used 132420K [0x0000000600000000, 0x0000000800000000)
  region size 2048K, 50 young (102400K), 3 survivors (6144K)
 Metaspace       used 81360K, capacity 116420K, committed 116688K, reserved 1136640K
  class space    used 20246K, capacity 30400K, committed 30496K, reserved 1048576K
}
Event: 10.056 GC heap after
{Heap after GC invocations=32 (full 0):
 garbage-first heap   total 172032K, used 36968K [0x0000000600000000, 0x0000000800000000)
  region size 2048K, 4 young (8192K), 4 survivors (8192K)
 Metaspace       used 81360K, capacity 116420K, committed 116688K, reserved 1136640K
  class space    used 20246K, capacity 30400K, committed 30496K, reserved 1048576K
}
Event: 10.651 GC heap before
{Heap before GC invocations=32 (full 0):
 garbage-first heap   total 172032K, used 131176K [0x0000000600000000, 0x0000000800000000)
  region size 2048K, 50 young (102400K), 4 survivors (8192K)
 Metaspace       used 83937K, capacity 120143K, committed 120400K, reserved 1138688K
  class space    used 20965K, capacity 31602K, committed 31648K, reserved 1048576K
}
Event: 10.656 GC heap after
{Heap after GC invocations=33 (full 0):
 garbage-first heap   total 172032K, used 38620K [0x0000000600000000, 0x0000000800000000)
  region size 2048K, 5 young (10240K), 5 survivors (10240K)
 Metaspace       used 83937K, capacity 120143K, committed 120400K, reserved 1138688K
  class space    used 20965K, capacity 31602K, committed 31648K, reserved 1048576K
}
Event: 10.995 GC heap before
{Heap before GC invocations=33 (full 0):
 garbage-first heap   total 172032K, used 130780K [0x0000000600000000, 0x0000000800000000)
  region size 2048K, 50 young (102400K), 5 survivors (10240K)
 Metaspace       used 85829K, capacity 123179K, committed 123344K, reserved 1140736K
  class space    used 21595K, capacity 32522K, committed 32544K, reserved 1048576K
}
Event: 11.002 GC heap after
{Heap after GC invocations=34 (full 0):
 garbage-first heap   total 172032K, used 40120K [0x0000000600000000, 0x0000000800000000)
  region size 2048K, 4 young (8192K), 4 survivors (8192K)
 Metaspace       used 85829K, capacity 123179K, committed 123344K, reserved 1140736K
  class space    used 21595K, capacity 32522K, committed 32544K, reserved 1048576K
}

