# JRE version: OpenJDK Runtime Environment GraalVM CE 20.0.0 (11.0.6+9) (build 11.0.6+9-jvmci-20.0-b02)
# Java VM: OpenJDK 64-Bit Server VM GraalVM CE 20.0.0 (11.0.6+9-jvmci-20.0-b02, mixed mode, sharing, tiered, jvmci, jvmci compiler, compressed oops, g1 gc, bsd-amd64)
Heap:
 garbage-first heap   total 759808K, used 453285K [0x0000000600000000, 0x0000000800000000)
  region size 2048K, 219 young (448512K), 15 survivors (30720K)
 Metaspace       used 96399K, capacity 135986K, committed 136236K, reserved 1150976K
  class space    used 23008K, capacity 35098K, committed 35116K, reserved 1048576K
GC Heap History (20 events):
Event: 2.730 GC heap before
{Heap before GC invocations=1 (full 0):
 garbage-first heap   total 526336K, used 133784K [0x0000000600000000, 0x0000000800000000)
  region size 2048K, 65 young (133120K), 2 survivors (4096K)
 Metaspace       used 18857K, capacity 21169K, committed 21248K, reserved 1067008K
  class space    used 3673K, capacity 4298K, committed 4352K, reserved 1048576K
}
Event: 2.746 GC heap after
{Heap after GC invocations=2 (full 0):
 garbage-first heap   total 526336K, used 11914K [0x0000000600000000, 0x0000000800000000)
  region size 2048K, 5 young (10240K), 5 survivors (10240K)
 Metaspace       used 18857K, capacity 21169K, committed 21248K, reserved 1067008K
  class space    used 3673K, capacity 4298K, committed 4352K, reserved 1048576K
}
Event: 3.665 GC heap before
{Heap before GC invocations=3 (full 0):
 garbage-first heap   total 526336K, used 149130K [0x0000000600000000, 0x0000000800000000)
  region size 2048K, 72 young (147456K), 5 survivors (10240K)
 Metaspace       used 24090K, capacity 30025K, committed 30336K, reserved 1073152K
  class space    used 5175K, capacity 6926K, committed 7040K, reserved 1048576K
}
Event: 3.674 GC heap after
{Heap after GC invocations=4 (full 0):
 garbage-first heap   total 526336K, used 14759K [0x0000000600000000, 0x0000000800000000)
  region size 2048K, 6 young (12288K), 6 survivors (12288K)
 Metaspace       used 24090K, capacity 30025K, committed 30336K, reserved 1073152K
  class space    used 5175K, capacity 6926K, committed 7040K, reserved 1048576K
}
Event: 4.516 GC heap before
{Heap before GC invocations=4 (full 0):
 garbage-first heap   total 526336K, used 174503K [0x0000000600000000, 0x0000000800000000)
  region size 2048K, 85 young (174080K), 6 survivors (12288K)
 Metaspace       used 27664K, capacity 35647K, committed 35840K, reserved 1077248K
  class space    used 6071K, capacity 8448K, committed 8448K, reserved 1048576K
}
Event: 4.530 GC heap after
{Heap after GC invocations=5 (full 0):
 garbage-first heap   total 526336K, used 17195K [0x0000000600000000, 0x0000000800000000)
  region size 2048K, 7 young (14336K), 7 survivors (14336K)
 Metaspace       used 27664K, capacity 35647K, committed 35840K, reserved 1077248K
  class space    used 6071K, capacity 8448K, committed 8448K, reserved 1048576K
}
Event: 5.580 GC heap before
{Heap before GC invocations=6 (full 0):
 garbage-first heap   total 526336K, used 236331K [0x0000000600000000, 0x0000000800000000)
  region size 2048K, 114 young (233472K), 7 survivors (14336K)
 Metaspace       used 38083K, capacity 47828K, committed 48128K, reserved 1087488K
  class space    used 8022K, capacity 10920K, committed 11008K, reserved 1048576K
}
Event: 5.591 GC heap after
{Heap after GC invocations=7 (full 0):
 garbage-first heap   total 526336K, used 18742K [0x0000000600000000, 0x0000000800000000)
  region size 2048K, 8 young (16384K), 8 survivors (16384K)
 Metaspace       used 38083K, capacity 47828K, committed 48128K, reserved 1087488K
  class space    used 8022K, capacity 10920K, committed 11008K, reserved 1048576K
}
Event: 6.678 GC heap before
{Heap before GC invocations=7 (full 0):
 garbage-first heap   total 526336K, used 237878K [0x0000000600000000, 0x0000000800000000)
  region size 2048K, 116 young (237568K), 8 survivors (16384K)
 Metaspace       used 47278K, capacity 59822K, committed 59904K, reserved 1095680K
  class space    used 9797K, capacity 13546K, committed 13568K, reserved 1048576K
}
Event: 6.694 GC heap after
{Heap after GC invocations=8 (full 0):
 garbage-first heap   total 632832K, used 20140K [0x0000000600000000, 0x0000000800000000)
  region size 2048K, 9 young (18432K), 9 survivors (18432K)
 Metaspace       used 47278K, capacity 59822K, committed 59904K, reserved 1095680K
  class space    used 9797K, capacity 13546K, committed 13568K, reserved 1048576K
}
Event: 8.041 GC heap before
{Heap before GC invocations=9 (full 0):
 garbage-first heap   total 632832K, used 372396K [0x0000000600000000, 0x0000000800000000)
  region size 2048K, 181 young (370688K), 9 survivors (18432K)
 Metaspace       used 58668K, capacity 75764K, committed 75904K, reserved 1107968K
  class space    used 12572K, capacity 17480K, committed 17536K, reserved 1048576K
}
Event: 8.056 GC heap after
{Heap after GC invocations=10 (full 0):
 garbage-first heap   total 632832K, used 23084K [0x0000000600000000, 0x0000000800000000)
  region size 2048K, 10 young (20480K), 10 survivors (20480K)
 Metaspace       used 58668K, capacity 75764K, committed 75904K, reserved 1107968K
  class space    used 12572K, capacity 17480K, committed 17536K, reserved 1048576K
}
Event: 9.462 GC heap before
{Heap before GC invocations=10 (full 0):
 garbage-first heap   total 632832K, used 381484K [0x0000000600000000, 0x0000000800000000)
  region size 2048K, 185 young (378880K), 10 survivors (20480K)
 Metaspace       used 66615K, capacity 89302K, committed 89472K, reserved 1116160K
  class space    used 14869K, capacity 21830K, committed 21888K, reserved 1048576K
}
Event: 9.478 GC heap after
{Heap after GC invocations=11 (full 0):
 garbage-first heap   total 632832K, used 26366K [0x0000000600000000, 0x0000000800000000)
  region size 2048K, 12 young (24576K), 12 survivors (24576K)
 Metaspace       used 66615K, capacity 89302K, committed 89472K, reserved 1116160K
  class space    used 14869K, capacity 21830K, committed 21888K, reserved 1048576K
}
Event: 10.808 GC heap before
{Heap before GC invocations=11 (full 0):
 garbage-first heap   total 632832K, used 313086K [0x0000000600000000, 0x0000000800000000)
  region size 2048K, 153 young (313344K), 12 survivors (24576K)
 Metaspace       used 73757K, capacity 100263K, committed 100268K, reserved 1124352K
  class space    used 16697K, capacity 24744K, committed 24748K, reserved 1048576K
}
Event: 10.827 GC heap after
{Heap after GC invocations=12 (full 0):
 garbage-first heap   total 632832K, used 30924K [0x0000000600000000, 0x0000000800000000)
  region size 2048K, 14 young (28672K), 14 survivors (28672K)
 Metaspace       used 73757K, capacity 100263K, committed 100268K, reserved 1124352K
  class space    used 16697K, capacity 24744K, committed 24748K, reserved 1048576K
}
Event: 12.581 GC heap before
{Heap before GC invocations=13 (full 0):
 garbage-first heap   total 632832K, used 381132K [0x0000000600000000, 0x0000000800000000)
  region size 2048K, 185 young (378880K), 14 survivors (28672K)
 Metaspace       used 82148K, capacity 112771K, committed 112940K, reserved 1134592K
  class space    used 18996K, capacity 28365K, committed 28460K, reserved 1048576K
}
Event: 12.603 GC heap after
{Heap after GC invocations=14 (full 0):
 garbage-first heap   total 759808K, used 35973K [0x0000000600000000, 0x0000000800000000)
  region size 2048K, 15 young (30720K), 15 survivors (30720K)
 Metaspace       used 82148K, capacity 112771K, committed 112940K, reserved 1134592K
  class space    used 18996K, capacity 28365K, committed 28460K, reserved 1048576K
}
Event: 13.694 GC heap before
{Heap before GC invocations=14 (full 0):
 garbage-first heap   total 759808K, used 457861K [0x0000000600000000, 0x0000000800000000)
  region size 2048K, 222 young (454656K), 15 survivors (30720K)
 Metaspace       used 87252K, capacity 120852K, committed 121132K, reserved 1140736K
  class space    used 20416K, capacity 30675K, committed 30764K, reserved 1048576K
}
Event: 13.715 GC heap after
{Heap after GC invocations=15 (full 0):
 garbage-first heap   total 759808K, used 37541K [0x0000000600000000, 0x0000000800000000)
  region size 2048K, 15 young (30720K), 15 survivors (30720K)
 Metaspace       used 87252K, capacity 120852K, committed 121132K, reserved 1140736K
  class space    used 20416K, capacity 30675K, committed 30764K, reserved 1048576K
}

