# JRE version: OpenJDK Runtime Environment GraalVM CE 20.0.0 (11.0.6+9) (build 11.0.6+9-jvmci-20.0-b02)
# Java VM: OpenJDK 64-Bit Server VM GraalVM CE 20.0.0 (11.0.6+9-jvmci-20.0-b02, mixed mode, sharing, tiered, jvmci, jvmci compiler, compressed oops, g1 gc, bsd-amd64)
Heap:
 garbage-first heap   total 759808K, used 373084K [0x0000000600000000, 0x0000000800000000)
  region size 2048K, 180 young (368640K), 16 survivors (32768K)
 Metaspace       used 96328K, capacity 135852K, committed 135980K, reserved 1150976K
  class space    used 22979K, capacity 35052K, committed 35116K, reserved 1048576K
GC Heap History (20 events):
Event: 3.985 GC heap before
{Heap before GC invocations=3 (full 0):
 garbage-first heap   total 526336K, used 148899K [0x0000000600000000, 0x0000000800000000)
  region size 2048K, 71 young (145408K), 4 survivors (8192K)
 Metaspace       used 24125K, capacity 30075K, committed 30336K, reserved 1073152K
  class space    used 5183K, capacity 6940K, committed 7040K, reserved 1048576K
}
Event: 3.994 GC heap after
{Heap after GC invocations=4 (full 0):
 garbage-first heap   total 526336K, used 14676K [0x0000000600000000, 0x0000000800000000)
  region size 2048K, 6 young (12288K), 6 survivors (12288K)
 Metaspace       used 24125K, capacity 30075K, committed 30336K, reserved 1073152K
  class space    used 5183K, capacity 6940K, committed 7040K, reserved 1048576K
}
Event: 4.786 GC heap before
{Heap before GC invocations=4 (full 0):
 garbage-first heap   total 526336K, used 170324K [0x0000000600000000, 0x0000000800000000)
  region size 2048K, 82 young (167936K), 6 survivors (12288K)
 Metaspace       used 27624K, capacity 35567K, committed 35840K, reserved 1077248K
  class space    used 6050K, capacity 8420K, committed 8448K, reserved 1048576K
}
Event: 4.796 GC heap after
{Heap after GC invocations=5 (full 0):
 garbage-first heap   total 526336K, used 16857K [0x0000000600000000, 0x0000000800000000)
  region size 2048K, 7 young (14336K), 7 survivors (14336K)
 Metaspace       used 27624K, capacity 35567K, committed 35840K, reserved 1077248K
  class space    used 6050K, capacity 8420K, committed 8448K, reserved 1048576K
}
Event: 4.819 GC heap before
{Heap before GC invocations=5 (full 0):
 garbage-first heap   total 526336K, used 18905K [0x0000000600000000, 0x0000000800000000)
  region size 2048K, 9 young (18432K), 7 survivors (14336K)
 Metaspace       used 27689K, capacity 35647K, committed 35840K, reserved 1077248K
  class space    used 6071K, capacity 8448K, committed 8448K, reserved 1048576K
}
Event: 4.835 GC heap after
{Heap after GC invocations=6 (full 0):
 garbage-first heap   total 526336K, used 17574K [0x0000000600000000, 0x0000000800000000)
  region size 2048K, 7 young (14336K), 7 survivors (14336K)
 Metaspace       used 27689K, capacity 35647K, committed 35840K, reserved 1077248K
  class space    used 6071K, capacity 8448K, committed 8448K, reserved 1048576K
}
Event: 5.752 GC heap before
{Heap before GC invocations=7 (full 0):
 garbage-first heap   total 526336K, used 240806K [0x0000000600000000, 0x0000000800000000)
  region size 2048K, 116 young (237568K), 7 survivors (14336K)
 Metaspace       used 38287K, capacity 48128K, committed 48384K, reserved 1087488K
  class space    used 8064K, capacity 10968K, committed 11008K, reserved 1048576K
}
Event: 5.763 GC heap after
{Heap after GC invocations=8 (full 0):
 garbage-first heap   total 632832K, used 18309K [0x0000000600000000, 0x0000000800000000)
  region size 2048K, 8 young (16384K), 8 survivors (16384K)
 Metaspace       used 38287K, capacity 48128K, committed 48384K, reserved 1087488K
  class space    used 8064K, capacity 10968K, committed 11008K, reserved 1048576K
}
Event: 6.863 GC heap before
{Heap before GC invocations=8 (full 0):
 garbage-first heap   total 632832K, used 233349K [0x0000000600000000, 0x0000000800000000)
  region size 2048K, 114 young (233472K), 8 survivors (16384K)
 Metaspace       used 47285K, capacity 59822K, committed 59904K, reserved 1095680K
  class space    used 9797K, capacity 13546K, committed 13568K, reserved 1048576K
}
Event: 6.886 GC heap after
{Heap after GC invocations=9 (full 0):
 garbage-first heap   total 632832K, used 20142K [0x0000000600000000, 0x0000000800000000)
  region size 2048K, 9 young (18432K), 9 survivors (18432K)
 Metaspace       used 47285K, capacity 59822K, committed 59904K, reserved 1095680K
  class space    used 9797K, capacity 13546K, committed 13568K, reserved 1048576K
}
Event: 8.092 GC heap before
{Heap before GC invocations=10 (full 0):
 garbage-first heap   total 632832K, used 380590K [0x0000000600000000, 0x0000000800000000)
  region size 2048K, 185 young (378880K), 9 survivors (18432K)
 Metaspace       used 59016K, capacity 76712K, committed 76928K, reserved 1107968K
  class space    used 12714K, capacity 17976K, committed 18048K, reserved 1048576K
}
Event: 8.106 GC heap after
{Heap after GC invocations=11 (full 0):
 garbage-first heap   total 632832K, used 23374K [0x0000000600000000, 0x0000000800000000)
  region size 2048K, 10 young (20480K), 10 survivors (20480K)
 Metaspace       used 59016K, capacity 76712K, committed 76928K, reserved 1107968K
  class space    used 12714K, capacity 17976K, committed 18048K, reserved 1048576K
}
Event: 9.203 GC heap before
{Heap before GC invocations=11 (full 0):
 garbage-first heap   total 632832K, used 381774K [0x0000000600000000, 0x0000000800000000)
  region size 2048K, 185 young (378880K), 10 survivors (20480K)
 Metaspace       used 67157K, capacity 89960K, committed 90112K, reserved 1118208K
  class space    used 14984K, capacity 21976K, committed 22016K, reserved 1048576K
}
Event: 9.220 GC heap after
{Heap after GC invocations=12 (full 0):
 garbage-first heap   total 632832K, used 27386K [0x0000000600000000, 0x0000000800000000)
  region size 2048K, 12 young (24576K), 12 survivors (24576K)
 Metaspace       used 67157K, capacity 89960K, committed 90112K, reserved 1118208K
  class space    used 14984K, capacity 21976K, committed 22016K, reserved 1048576K
}
Event: 10.230 GC heap before
{Heap before GC invocations=12 (full 0):
 garbage-first heap   total 632832K, used 303866K [0x0000000600000000, 0x0000000800000000)
  region size 2048K, 148 young (303104K), 12 survivors (24576K)
 Metaspace       used 73753K, capacity 100263K, committed 100268K, reserved 1124352K
  class space    used 16697K, capacity 24744K, committed 24748K, reserved 1048576K
}
Event: 10.266 GC heap after
{Heap after GC invocations=13 (full 0):
 garbage-first heap   total 759808K, used 31315K [0x0000000600000000, 0x0000000800000000)
  region size 2048K, 14 young (28672K), 14 survivors (28672K)
 Metaspace       used 73753K, capacity 100263K, committed 100268K, reserved 1124352K
  class space    used 16697K, capacity 24744K, committed 24748K, reserved 1048576K
}
Event: 11.670 GC heap before
{Heap before GC invocations=14 (full 0):
 garbage-first heap   total 759808K, used 455251K [0x0000000600000000, 0x0000000800000000)
  region size 2048K, 222 young (454656K), 14 survivors (28672K)
 Metaspace       used 82533K, capacity 113523K, committed 113708K, reserved 1134592K
  class space    used 19131K, capacity 28641K, committed 28716K, reserved 1048576K
}
Event: 11.691 GC heap after
{Heap after GC invocations=15 (full 0):
 garbage-first heap   total 759808K, used 36128K [0x0000000600000000, 0x0000000800000000)
  region size 2048K, 16 young (32768K), 16 survivors (32768K)
 Metaspace       used 82533K, capacity 113523K, committed 113708K, reserved 1134592K
  class space    used 19131K, capacity 28641K, committed 28716K, reserved 1048576K
}
Event: 12.831 GC heap before
{Heap before GC invocations=15 (full 0):
 garbage-first heap   total 759808K, used 455968K [0x0000000600000000, 0x0000000800000000)
  region size 2048K, 222 young (454656K), 16 survivors (32768K)
 Metaspace       used 89108K, capacity 124076K, committed 124204K, reserved 1142784K
  class space    used 20998K, capacity 31719K, committed 31788K, reserved 1048576K
}
Event: 12.854 GC heap after
{Heap after GC invocations=16 (full 0):
 garbage-first heap   total 759808K, used 39260K [0x0000000600000000, 0x0000000800000000)
  region size 2048K, 16 young (32768K), 16 survivors (32768K)
 Metaspace       used 89108K, capacity 124076K, committed 124204K, reserved 1142784K
  class space    used 20998K, capacity 31719K, committed 31788K, reserved 1048576K
}

