# JRE version: OpenJDK Runtime Environment AdoptOpenJDK (14.0+36) (build 14+36)
# Java VM: OpenJDK 64-Bit Server VM AdoptOpenJDK (14+36, mixed mode, sharing, tiered, compressed oops, g1 gc, bsd-amd64)
Heap:
 garbage-first heap   total 200704K, used 83231K [0x0000000600000000, 0x0000000800000000)
  region size 2048K, 26 young (53248K), 4 survivors (8192K)
 Metaspace       used 87081K, capacity 125390K, committed 125520K, reserved 1140736K
  class space    used 21980K, capacity 33323K, committed 33440K, reserved 1048576K
GC Heap History (20 events):
Event: 8.266 GC heap before
{Heap before GC invocations=26 (full 0):
 garbage-first heap   total 137216K, used 100320K [0x0000000600000000, 0x0000000800000000)
  region size 2048K, 40 young (81920K), 7 survivors (14336K)
 Metaspace       used 73430K, capacity 103694K, committed 103760K, reserved 1126400K
  class space    used 18052K, capacity 26778K, committed 26784K, reserved 1048576K
}
Event: 8.275 GC heap after
{Heap after GC invocations=27 (full 0):
 garbage-first heap   total 137216K, used 34278K [0x0000000600000000, 0x0000000800000000)
  region size 2048K, 3 young (6144K), 3 survivors (6144K)
 Metaspace       used 73430K, capacity 103694K, committed 103760K, reserved 1126400K
  class space    used 18052K, capacity 26778K, committed 26784K, reserved 1048576K
}
Event: 8.555 GC heap before
{Heap before GC invocations=27 (full 0):
 garbage-first heap   total 137216K, used 110054K [0x0000000600000000, 0x0000000800000000)
  region size 2048K, 40 young (81920K), 3 survivors (6144K)
 Metaspace       used 75457K, capacity 106740K, committed 106960K, reserved 1128448K
  class space    used 18604K, capacity 27636K, committed 27680K, reserved 1048576K
}
Event: 8.558 GC heap after
{Heap after GC invocations=28 (full 0):
 garbage-first heap   total 137216K, used 34061K [0x0000000600000000, 0x0000000800000000)
  region size 2048K, 3 young (6144K), 3 survivors (6144K)
 Metaspace       used 75457K, capacity 106740K, committed 106960K, reserved 1128448K
  class space    used 18604K, capacity 27636K, committed 27680K, reserved 1048576K
}
Event: 8.808 GC heap before
{Heap before GC invocations=28 (full 0):
 garbage-first heap   total 137216K, used 109837K [0x0000000600000000, 0x0000000800000000)
  region size 2048K, 40 young (81920K), 3 survivors (6144K)
 Metaspace       used 77331K, capacity 109592K, committed 109776K, reserved 1130496K
  class space    used 19011K, capacity 28328K, committed 28448K, reserved 1048576K
}
Event: 8.812 GC heap after
{Heap after GC invocations=29 (full 0):
 garbage-first heap   total 137216K, used 34653K [0x0000000600000000, 0x0000000800000000)
  region size 2048K, 3 young (6144K), 3 survivors (6144K)
 Metaspace       used 77331K, capacity 109592K, committed 109776K, reserved 1130496K
  class space    used 19011K, capacity 28328K, committed 28448K, reserved 1048576K
}
Event: 8.874 GC heap before
{Heap before GC invocations=29 (full 0):
 garbage-first heap   total 137216K, used 108381K [0x0000000600000000, 0x0000000800000000)
  region size 2048K, 40 young (81920K), 3 survivors (6144K)
 Metaspace       used 77739K, capacity 110370K, committed 110544K, reserved 1130496K
  class space    used 19150K, capacity 28610K, committed 28704K, reserved 1048576K
}
Event: 8.879 GC heap after
{Heap after GC invocations=30 (full 0):
 garbage-first heap   total 137216K, used 35290K [0x0000000600000000, 0x0000000800000000)
  region size 2048K, 3 young (6144K), 3 survivors (6144K)
 Metaspace       used 77739K, capacity 110370K, committed 110544K, reserved 1130496K
  class space    used 19150K, capacity 28610K, committed 28704K, reserved 1048576K
}
Event: 8.891 GC heap before
{Heap before GC invocations=30 (full 0):
 garbage-first heap   total 137216K, used 109018K [0x0000000600000000, 0x0000000800000000)
  region size 2048K, 40 young (81920K), 3 survivors (6144K)
 Metaspace       used 77803K, capacity 110434K, committed 110800K, reserved 1132544K
  class space    used 19153K, capacity 28610K, committed 28704K, reserved 1048576K
}
Event: 8.896 GC heap after
{Heap after GC invocations=31 (full 0):
 garbage-first heap   total 165888K, used 35265K [0x0000000600000000, 0x0000000800000000)
  region size 2048K, 2 young (4096K), 2 survivors (4096K)
 Metaspace       used 77803K, capacity 110434K, committed 110800K, reserved 1132544K
  class space    used 19153K, capacity 28610K, committed 28704K, reserved 1048576K
}
Event: 8.943 GC heap before
{Heap before GC invocations=31 (full 0):
 garbage-first heap   total 165888K, used 127425K [0x0000000600000000, 0x0000000800000000)
  region size 2048K, 48 young (98304K), 2 survivors (4096K)
 Metaspace       used 77992K, capacity 110684K, committed 110800K, reserved 1132544K
  class space    used 19200K, capacity 28672K, committed 28704K, reserved 1048576K
}
Event: 8.947 GC heap after
{Heap after GC invocations=32 (full 0):
 garbage-first heap   total 165888K, used 34863K [0x0000000600000000, 0x0000000800000000)
  region size 2048K, 2 young (4096K), 2 survivors (4096K)
 Metaspace       used 77992K, capacity 110684K, committed 110800K, reserved 1132544K
  class space    used 19200K, capacity 28672K, committed 28704K, reserved 1048576K
}
Event: 9.301 GC heap before
{Heap before GC invocations=32 (full 0):
 garbage-first heap   total 165888K, used 129071K [0x0000000600000000, 0x0000000800000000)
  region size 2048K, 48 young (98304K), 2 survivors (4096K)
 Metaspace       used 80066K, capacity 114084K, committed 114384K, reserved 1134592K
  class space    used 19831K, capacity 29688K, committed 29728K, reserved 1048576K
}
Event: 9.304 GC heap after
{Heap after GC invocations=33 (full 0):
 garbage-first heap   total 165888K, used 36372K [0x0000000600000000, 0x0000000800000000)
  region size 2048K, 3 young (6144K), 3 survivors (6144K)
 Metaspace       used 80066K, capacity 114084K, committed 114384K, reserved 1134592K
  class space    used 19831K, capacity 29688K, committed 29728K, reserved 1048576K
}
Event: 9.793 GC heap before
{Heap before GC invocations=33 (full 0):
 garbage-first heap   total 165888K, used 128532K [0x0000000600000000, 0x0000000800000000)
  region size 2048K, 48 young (98304K), 3 survivors (6144K)
 Metaspace       used 82526K, capacity 117669K, committed 117840K, reserved 1136640K
  class space    used 20543K, capacity 30816K, committed 30880K, reserved 1048576K
}
Event: 9.796 GC heap after
{Heap after GC invocations=34 (full 0):
 garbage-first heap   total 165888K, used 37754K [0x0000000600000000, 0x0000000800000000)
  region size 2048K, 3 young (6144K), 3 survivors (6144K)
 Metaspace       used 82526K, capacity 117669K, committed 117840K, reserved 1136640K
  class space    used 20543K, capacity 30816K, committed 30880K, reserved 1048576K
}
Event: 10.153 GC heap before
{Heap before GC invocations=34 (full 0):
 garbage-first heap   total 165888K, used 129914K [0x0000000600000000, 0x0000000800000000)
  region size 2048K, 48 young (98304K), 3 survivors (6144K)
 Metaspace       used 84793K, capacity 121455K, committed 121680K, reserved 1138688K
  class space    used 21260K, capacity 32034K, committed 32160K, reserved 1048576K
}
Event: 10.157 GC heap after
{Heap after GC invocations=35 (full 0):
 garbage-first heap   total 165888K, used 38686K [0x0000000600000000, 0x0000000800000000)
  region size 2048K, 4 young (8192K), 4 survivors (8192K)
 Metaspace       used 84793K, capacity 121455K, committed 121680K, reserved 1138688K
  class space    used 21260K, capacity 32034K, committed 32160K, reserved 1048576K
}
Event: 10.490 GC heap before
{Heap before GC invocations=35 (full 0):
 garbage-first heap   total 165888K, used 128798K [0x0000000600000000, 0x0000000800000000)
  region size 2048K, 48 young (98304K), 4 survivors (8192K)
 Metaspace       used 86663K, capacity 124655K, committed 124752K, reserved 1140736K
  class space    used 21881K, capacity 33122K, committed 33184K, reserved 1048576K
}
Event: 10.495 GC heap after
{Heap after GC invocations=36 (full 0):
 garbage-first heap   total 200704K, used 40223K [0x0000000600000000, 0x0000000800000000)
  region size 2048K, 4 young (8192K), 4 survivors (8192K)
 Metaspace       used 86663K, capacity 124655K, committed 124752K, reserved 1140736K
  class space    used 21881K, capacity 33122K, committed 33184K, reserved 1048576K
}

