# JRE version: OpenJDK Runtime Environment GraalVM CE 20.0.0 (11.0.6+9) (build 11.0.6+9-jvmci-20.0-b02)
# Java VM: OpenJDK 64-Bit Server VM GraalVM CE 20.0.0 (11.0.6+9-jvmci-20.0-b02, mixed mode, sharing, tiered, jvmci, jvmci compiler, compressed oops, g1 gc, bsd-amd64)
Heap:
 garbage-first heap   total 759808K, used 135932K [0x0000000600000000, 0x0000000800000000)
  region size 2048K, 62 young (126976K), 18 survivors (36864K)
 Metaspace       used 96927K, capacity 136742K, committed 137004K, reserved 1150976K
  class space    used 23142K, capacity 35256K, committed 35372K, reserved 1048576K
GC Heap History (20 events):
Event: 5.069 GC heap before
{Heap before GC invocations=4 (full 0):
 garbage-first heap   total 526336K, used 174504K [0x0000000600000000, 0x0000000800000000)
  region size 2048K, 85 young (174080K), 6 survivors (12288K)
 Metaspace       used 27681K, capacity 35647K, committed 35840K, reserved 1077248K
  class space    used 6070K, capacity 8448K, committed 8448K, reserved 1048576K
}
Event: 5.081 GC heap after
{Heap after GC invocations=5 (full 0):
 garbage-first heap   total 526336K, used 17028K [0x0000000600000000, 0x0000000800000000)
  region size 2048K, 7 young (14336K), 7 survivors (14336K)
 Metaspace       used 27681K, capacity 35647K, committed 35840K, reserved 1077248K
  class space    used 6070K, capacity 8448K, committed 8448K, reserved 1048576K
}
Event: 6.043 GC heap before
{Heap before GC invocations=6 (full 0):
 garbage-first heap   total 526336K, used 232068K [0x0000000600000000, 0x0000000800000000)
  region size 2048K, 112 young (229376K), 7 survivors (14336K)
 Metaspace       used 37903K, capacity 47682K, committed 47744K, reserved 1085440K
  class space    used 7982K, capacity 10874K, committed 10880K, reserved 1048576K
}
Event: 6.055 GC heap after
{Heap after GC invocations=7 (full 0):
 garbage-first heap   total 526336K, used 18521K [0x0000000600000000, 0x0000000800000000)
  region size 2048K, 8 young (16384K), 8 survivors (16384K)
 Metaspace       used 37903K, capacity 47682K, committed 47744K, reserved 1085440K
  class space    used 7982K, capacity 10874K, committed 10880K, reserved 1048576K
}
Event: 7.138 GC heap before
{Heap before GC invocations=7 (full 0):
 garbage-first heap   total 526336K, used 241753K [0x0000000600000000, 0x0000000800000000)
  region size 2048K, 118 young (241664K), 8 survivors (16384K)
 Metaspace       used 47277K, capacity 59822K, committed 59904K, reserved 1095680K
  class space    used 9796K, capacity 13546K, committed 13568K, reserved 1048576K
}
Event: 7.155 GC heap after
{Heap after GC invocations=8 (full 0):
 garbage-first heap   total 526336K, used 20138K [0x0000000600000000, 0x0000000800000000)
  region size 2048K, 9 young (18432K), 9 survivors (18432K)
 Metaspace       used 47277K, capacity 59822K, committed 59904K, reserved 1095680K
  class space    used 9796K, capacity 13546K, committed 13568K, reserved 1048576K
}
Event: 8.163 GC heap before
{Heap before GC invocations=9 (full 0):
 garbage-first heap   total 526336K, used 315050K [0x0000000600000000, 0x0000000800000000)
  region size 2048K, 153 young (313344K), 9 survivors (18432K)
 Metaspace       used 57034K, capacity 72684K, committed 72960K, reserved 1105920K
  class space    used 11996K, capacity 16612K, committed 16640K, reserved 1048576K
}
Event: 8.178 GC heap after
{Heap after GC invocations=10 (full 0):
 garbage-first heap   total 526336K, used 21932K [0x0000000600000000, 0x0000000800000000)
  region size 2048K, 9 young (18432K), 9 survivors (18432K)
 Metaspace       used 57034K, capacity 72684K, committed 72960K, reserved 1105920K
  class space    used 11996K, capacity 16612K, committed 16640K, reserved 1048576K
}
Event: 9.151 GC heap before
{Heap before GC invocations=10 (full 0):
 garbage-first heap   total 526336K, used 316844K [0x0000000600000000, 0x0000000800000000)
  region size 2048K, 153 young (313344K), 9 survivors (18432K)
 Metaspace       used 64527K, capacity 85642K, committed 85888K, reserved 1114112K
  class space    used 14201K, capacity 20538K, committed 20608K, reserved 1048576K
}
Event: 9.166 GC heap after
{Heap after GC invocations=11 (full 0):
 garbage-first heap   total 632832K, used 25597K [0x0000000600000000, 0x0000000800000000)
  region size 2048K, 11 young (22528K), 11 survivors (22528K)
 Metaspace       used 64527K, capacity 85642K, committed 85888K, reserved 1114112K
  class space    used 14201K, capacity 20538K, committed 20608K, reserved 1048576K
}
Event: 10.412 GC heap before
{Heap before GC invocations=11 (full 0):
 garbage-first heap   total 632832K, used 381949K [0x0000000600000000, 0x0000000800000000)
  region size 2048K, 185 young (378880K), 11 survivors (22528K)
 Metaspace       used 72300K, capacity 98095K, committed 98304K, reserved 1124352K
  class space    used 16408K, capacity 24272K, committed 24320K, reserved 1048576K
}
Event: 10.430 GC heap after
{Heap after GC invocations=12 (full 0):
 garbage-first heap   total 632832K, used 30002K [0x0000000600000000, 0x0000000800000000)
  region size 2048K, 13 young (26624K), 13 survivors (26624K)
 Metaspace       used 72300K, capacity 98095K, committed 98304K, reserved 1124352K
  class space    used 16408K, capacity 24272K, committed 24320K, reserved 1048576K
}
Event: 10.711 GC heap before
{Heap before GC invocations=12 (full 0):
 garbage-first heap   total 632832K, used 81202K [0x0000000600000000, 0x0000000800000000)
  region size 2048K, 39 young (79872K), 13 survivors (26624K)
 Metaspace       used 73746K, capacity 100263K, committed 100268K, reserved 1124352K
  class space    used 16696K, capacity 24744K, committed 24748K, reserved 1048576K
}
Event: 10.744 GC heap after
{Heap after GC invocations=13 (full 0):
 garbage-first heap   total 632832K, used 31730K [0x0000000600000000, 0x0000000800000000)
  region size 2048K, 13 young (26624K), 13 survivors (26624K)
 Metaspace       used 73746K, capacity 100263K, committed 100268K, reserved 1124352K
  class space    used 16696K, capacity 24744K, committed 24748K, reserved 1048576K
}
Event: 12.765 GC heap before
{Heap before GC invocations=14 (full 0):
 garbage-first heap   total 632832K, used 383986K [0x0000000600000000, 0x0000000800000000)
  region size 2048K, 185 young (378880K), 13 survivors (26624K)
 Metaspace       used 82209K, capacity 113017K, committed 113196K, reserved 1134592K
  class space    used 19014K, capacity 28439K, committed 28460K, reserved 1048576K
}
Event: 12.790 GC heap after
{Heap after GC invocations=15 (full 0):
 garbage-first heap   total 632832K, used 35816K [0x0000000600000000, 0x0000000800000000)
  region size 2048K, 15 young (30720K), 15 survivors (30720K)
 Metaspace       used 82209K, capacity 113017K, committed 113196K, reserved 1134592K
  class space    used 19014K, capacity 28439K, committed 28460K, reserved 1048576K
}
Event: 15.904 GC heap before
{Heap before GC invocations=15 (full 0):
 garbage-first heap   total 632832K, used 381928K [0x0000000600000000, 0x0000000800000000)
  region size 2048K, 185 young (378880K), 15 survivors (30720K)
 Metaspace       used 85124K, capacity 117733K, committed 118060K, reserved 1136640K
  class space    used 19898K, capacity 29887K, committed 29996K, reserved 1048576K
}
Event: 15.928 GC heap after
{Heap after GC invocations=16 (full 0):
 garbage-first heap   total 759808K, used 36743K [0x0000000600000000, 0x0000000800000000)
  region size 2048K, 13 young (26624K), 13 survivors (26624K)
 Metaspace       used 85124K, capacity 117733K, committed 118060K, reserved 1136640K
  class space    used 19898K, capacity 29887K, committed 29996K, reserved 1048576K
}
Event: 19.410 GC heap before
{Heap before GC invocations=16 (full 0):
 garbage-first heap   total 759808K, used 464775K [0x0000000600000000, 0x0000000800000000)
  region size 2048K, 222 young (454656K), 13 survivors (26624K)
 Metaspace       used 95346K, capacity 134482K, committed 134700K, reserved 1148928K
  class space    used 22768K, capacity 34786K, committed 34860K, reserved 1048576K
}
Event: 19.440 GC heap after
{Heap after GC invocations=17 (full 0):
 garbage-first heap   total 759808K, used 47868K [0x0000000600000000, 0x0000000800000000)
  region size 2048K, 18 young (36864K), 18 survivors (36864K)
 Metaspace       used 95346K, capacity 134482K, committed 134700K, reserved 1148928K
  class space    used 22768K, capacity 34786K, committed 34860K, reserved 1048576K
}

